<?xml version="1.0" encoding="UTF-8"?>
<!-- Generated by org.testng.reporters.JUnitReportReporter -->
<testsuite skipped="0" hostname="LAPTOP-HIKQENI8" name="com.automation.Sample.CucumberFramework.runner.TestCaseRunner" tests="2" failures="0" timestamp="05 Mar 2018 18:52:09 GMT" time="30.941" errors="0">
  <testcase name="feature" time="15.534" classname="com.automation.Sample.CucumberFramework.runner.TestCaseRunner"/>
  <testcase name="feature" time="15.407" classname="com.automation.Sample.CucumberFramework.runner.TestCaseRunner"/>
</testsuite> <!-- com.automation.Sample.CucumberFramework.runner.TestCaseRunner -->
