<?xml version="1.0" encoding="UTF-8"?>
<!-- Generated by org.testng.reporters.JUnitReportReporter -->
<testsuite skipped="0" hostname="LAPTOP-HIKQENI8" name="com.automation.Sample.CucumberFramework.runner.FacebookLoginRunner" tests="1" failures="0" timestamp="04 Mar 2018 13:37:51 GMT" time="59.734" errors="0">
  <testcase name="feature" time="59.734" classname="com.automation.Sample.CucumberFramework.runner.FacebookLoginRunner"/>
</testsuite> <!-- com.automation.Sample.CucumberFramework.runner.FacebookLoginRunner -->
