<?xml version="1.0" encoding="UTF-8"?>
<!-- Generated by org.testng.reporters.JUnitReportReporter -->
<testsuite skipped="0" hostname="LAPTOP-HIKQENI8" name="com.automation.Sample.CucumberFramework.runner.FacebookLoginRunner" tests="2" failures="0" timestamp="05 Mar 2018 09:22:13 GMT" time="27.885" errors="0">
  <testcase name="feature" time="14.316" classname="com.automation.Sample.CucumberFramework.runner.FacebookLoginRunner"/>
  <testcase name="feature" time="13.569" classname="com.automation.Sample.CucumberFramework.runner.FacebookLoginRunner"/>
</testsuite> <!-- com.automation.Sample.CucumberFramework.runner.FacebookLoginRunner -->
